Started by user [8mha:////4JjhcWdxm/hi1Nz/WlYVSPCrki8iepN9l4+Y7hwcs2qAAAAAlx+LCAAAAAAAAP9b85aBtbiIQTGjNKU4P08vOT+vOD8nVc83PyU1x6OyILUoJzMv2y+/JJUBAhiZGBgqihhk0NSjKDWzXb3RdlLBUSYGJk8GtpzUvPSSDB8G5tKinBIGIZ+sxLJE/ZzEvHT94JKizLx0a6BxUmjGOUNodHsLgAzWEgZu/dLi1CL9xJTczDwAj6GcLcAAAAA=[0madmin
Running as SYSTEM
ln builds/lastSuccessfulBuild /var/jenkins_home/jobs/feature_CourseSubsReport_publish/lastSuccessful failed
java.nio.file.DirectoryNotEmptyException: /var/jenkins_home/jobs/feature_CourseSubsReport_publish/lastSuccessful
	at sun.nio.fs.UnixFileSystemProvider.implDelete(UnixFileSystemProvider.java:242)
	at sun.nio.fs.AbstractFileSystemProvider.deleteIfExists(AbstractFileSystemProvider.java:108)
	at java.nio.file.Files.deleteIfExists(Files.java:1165)
	at hudson.Util.createSymlink(Util.java:1192)
	at hudson.model.Run.createSymlink(Run.java:1957)
	at hudson.model.Run.updateSymlinks(Run.java:1938)
	at hudson.model.Run.execute(Run.java:1816)
	at hudson.model.FreeStyleBuild.run(FreeStyleBuild.java:43)
	at hudson.model.ResourceController.execute(ResourceController.java:97)
	at hudson.model.Executor.run(Executor.java:429)
ln builds/lastStableBuild /var/jenkins_home/jobs/feature_CourseSubsReport_publish/lastStable failed
java.nio.file.DirectoryNotEmptyException: /var/jenkins_home/jobs/feature_CourseSubsReport_publish/lastStable
	at sun.nio.fs.UnixFileSystemProvider.implDelete(UnixFileSystemProvider.java:242)
	at sun.nio.fs.AbstractFileSystemProvider.deleteIfExists(AbstractFileSystemProvider.java:108)
	at java.nio.file.Files.deleteIfExists(Files.java:1165)
	at hudson.Util.createSymlink(Util.java:1192)
	at hudson.model.Run.createSymlink(Run.java:1957)
	at hudson.model.Run.updateSymlinks(Run.java:1939)
	at hudson.model.Run.execute(Run.java:1816)
	at hudson.model.FreeStyleBuild.run(FreeStyleBuild.java:43)
	at hudson.model.ResourceController.execute(ResourceController.java:97)
	at hudson.model.Executor.run(Executor.java:429)
[EnvInject] - Loading node environment variables.
Building remotely on [8mha:////4MDYWumaGptxmzSEQa4kByck1jJfHJRUyNArrtdRV95jAAAAox+LCAAAAAAAAP9b85aBtbiIQTGjNKU4P08vOT+vOD8nVc83PyU1x6OyILUoJzMv2y+/JJUBAhiZGBgqihhk0NSjKDWzXb3RdlLBUSYGJk8GtpzUvPSSDB8G5tKinBIGIZ+sxLJE/ZzEvHT94JKizLx0a6BxUmjGOUNodHsLgAzeEgZx/eT83ILSktQifUNLIz1DMws9Az0jY3MAL9hKC8wAAAA=[0m192.168.0.237 in workspace /usr/local/jenkins/workspace/feature_CourseSubsReport_publish
[WS-CLEANUP] Deleting project workspace...
[WS-CLEANUP] Deferred wipeout is used...
[WS-CLEANUP] Done
using credential 1f6fc89a-18c3-402e-89f3-1e617e6edd8a
Cloning the remote Git repository
Cloning repository ssh://git@123.56.234.251:10022/Domain/course.git
 > git init /usr/local/jenkins/workspace/feature_CourseSubsReport_publish # timeout=10
Fetching upstream changes from ssh://git@123.56.234.251:10022/Domain/course.git
 > git --version # timeout=10
using GIT_SSH to set credentials 
 > git fetch --tags --progress ssh://git@123.56.234.251:10022/Domain/course.git +refs/heads/*:refs/remotes/origin/*
 > git config remote.origin.url ssh://git@123.56.234.251:10022/Domain/course.git # timeout=10
 > git config --add remote.origin.fetch +refs/heads/*:refs/remotes/origin/* # timeout=10
 > git config remote.origin.url ssh://git@123.56.234.251:10022/Domain/course.git # timeout=10
Fetching upstream changes from ssh://git@123.56.234.251:10022/Domain/course.git
using GIT_SSH to set credentials 
 > git fetch --tags --progress ssh://git@123.56.234.251:10022/Domain/course.git +refs/heads/*:refs/remotes/origin/*
 > git rev-parse refs/remotes/origin/feature-hteTrash^{commit} # timeout=10
 > git rev-parse refs/remotes/origin/origin/feature-hteTrash^{commit} # timeout=10
Checking out Revision 4661ac5ae56c23aa5b3073c515bafdf00f0c9921 (refs/remotes/origin/feature-hteTrash)
 > git config core.sparsecheckout # timeout=10
 > git checkout -f 4661ac5ae56c23aa5b3073c515bafdf00f0c9921
Commit message: "feat:æµ‹è¯•"
 > git rev-list --no-walk 13824f39864e7f8b96e381c8435637aed51f7644 # timeout=10
Build environment variables will be made available to the next build: CSProjPath=SubscriptionService:CSProjFile=CourseSubsReport:BINPATH=bin/Release/netcoreapp2.2:DOCKERIMAGENAME=coursesubsreport:DockerProName=subs:DockerName=w1.coursesubsreport.sub.group.hex.com:ServiceName=coursesubsreport-w1
[feature_CourseSubsReport_publish] $ /bin/sh -xe /tmp/jenkins3251197455370864660.sh
+ docker login -u matengfei -p Pass@word1 reg.hexfuture.com
WARNING! Using --password via the CLI is insecure. Use --password-stdin.
WARNING! Your password will be stored unencrypted in /root/.docker/config.json.
Configure a credential helper to remove this warning. See
https://docs.docker.com/engine/reference/commandline/login/#credentials-store

Login Succeeded
+ docker pull reg.hexfuture.com/dotnet/sdk
Using default tag: latest
latest: Pulling from dotnet/sdk
Digest: sha256:0991a8b02a9124939f293570bf67f792fd35bbb2a27e1b029d9515c84e22718d
Status: Image is up to date for reg.hexfuture.com/dotnet/sdk:latest
+ docker pull reg.hexfuture.com/dotnet/runtime
Using default tag: latest
latest: Pulling from dotnet/runtime
Digest: sha256:18b6f46964dd33dd7ca1494960cf5ba0396a3b1e479be275b2b47587e38d2e31
Status: Image is up to date for reg.hexfuture.com/dotnet/runtime:latest
++ cat ./SubscriptionService/CourseSubsReport/CourseSubsReport.csproj
++ grep -i versionprefix
++ awk '-F>' '{ print $2 }'
++ awk '-F<' '{ print $1 }'
+ DockerImageVersion=1.0.5
+ cat
+ docker login -u matengfei -p Pass@word1 reg.hexfuture.com
WARNING! Using --password via the CLI is insecure. Use --password-stdin.
WARNING! Your password will be stored unencrypted in /root/.docker/config.json.
Configure a credential helper to remove this warning. See
https://docs.docker.com/engine/reference/commandline/login/#credentials-store

Login Succeeded
+ docker build --no-cache -t reg.hexfuture.com/subs/coursesubsreport:1.0.5 .
Sending build context to Docker daemon  121.3MB
Step 1/8 : FROM reg.hexfuture.com/dotnet/sdk
 ---> 872a2d0fc47a
Step 2/8 : COPY ./ /opt/publishdir
 ---> 96cf7806d789
Step 3/8 : RUN echo "192.168.0.40 nuget.hexstudy.com" >> /etc/hosts;dotnet publish /opt/publishdir/SubscriptionService/CourseSubsReport/CourseSubsReport.csproj --source http://nuget.hexstudy.com/nuget/HexFutureMicroService --source https://api.nuget.org/v3/index.json -c Release -f netcoreapp2.2
 ---> Running in 4111dda9b249
Microsoft (R) Build Engine version 16.2.32702+c4012a063 for .NET Core
Copyright (C) Microsoft Corporation. All rights reserved.

  Restore completed in 21.81 sec for /opt/publishdir/Domain2/Domain.CourseModel/Domain.CourseModel.csproj.
  Restore completed in 21.81 sec for /opt/publishdir/Domain2/Domain.CourseRedisModel/Domain.CourseRedisModel.csproj.
  Restore completed in 21.81 sec for /opt/publishdir/Domain2/Domain.SyllabusModel/Domain.SyllabusModel.csproj.
  Restore completed in 21.81 sec for /opt/publishdir/Domain2/Domain.CourseBuildModel/Domain.CourseBuildModel.csproj.
  Restore completed in 5.16 sec for /opt/publishdir/SubscriptionService/CourseSubsReport/CourseSubsReport.csproj.
  Domain.CourseRedisModel -> /opt/publishdir/Domain2/Domain.CourseRedisModel/bin/Release/netstandard2.0/Domain.CourseRedisModel.dll
Service/Realization/RegisterCourseService.cs(596,20): warning CS0618: 'DomainModelFacade.IsExit<M, K>(ISpecification<M>)' is obsolete: 'å› ä¸ºåç§°ä¸å¯¹ï¼Œè¢«IsExistå–ä»£' [/opt/publishdir/Domain2/Domain.CourseModel/Domain.CourseModel.csproj]
Service/Realization/CourseService.cs(535,24): warning CS0618: 'DomainModelFacade.IsExit<M, K>(ISpecification<M>)' is obsolete: 'å› ä¸ºåç§°ä¸å¯¹ï¼Œè¢«IsExistå–ä»£' [/opt/publishdir/Domain2/Domain.CourseModel/Domain.CourseModel.csproj]
Service/Realization/RegisterCourseService.cs(772,24): warning CS0618: 'DomainModelFacade.IsExit<M, K>(ISpecification<M>)' is obsolete: 'å› ä¸ºåç§°ä¸å¯¹ï¼Œè¢«IsExistå–ä»£' [/opt/publishdir/Domain2/Domain.CourseModel/Domain.CourseModel.csproj]
Service/Realization/CourseService.cs(962,42): warning CS0168: The variable 'ee' is declared but never used [/opt/publishdir/Domain2/Domain.CourseModel/Domain.CourseModel.csproj]
Service/Realization/CourseService.cs(988,42): warning CS0168: The variable 'ee' is declared but never used [/opt/publishdir/Domain2/Domain.CourseModel/Domain.CourseModel.csproj]
Service/Realization/RegisterCourseService.cs(1237,20): warning CS0618: 'DomainModelFacade.IsExit<M, K>(ISpecification<M>)' is obsolete: 'å› ä¸ºåç§°ä¸å¯¹ï¼Œè¢«IsExistå–ä»£' [/opt/publishdir/Domain2/Domain.CourseModel/Domain.CourseModel.csproj]
Service/Realization/RegisterCourseService.cs(1259,20): warning CS0618: 'DomainModelFacade.IsExit<M, K>(ISpecification<M>)' is obsolete: 'å› ä¸ºåç§°ä¸å¯¹ï¼Œè¢«IsExistå–ä»£' [/opt/publishdir/Domain2/Domain.CourseModel/Domain.CourseModel.csproj]
  Domain.CourseModel -> /opt/publishdir/Domain2/Domain.CourseModel/bin/Release/netstandard2.0/Domain.CourseModel.dll
Service/Realization/SyllabusService.cs(710,34): warning CS0168: The variable 'ex' is declared but never used [/opt/publishdir/Domain2/Domain.SyllabusModel/Domain.SyllabusModel.csproj]
Service/Realization/SyllabusService.cs(745,34): warning CS0168: The variable 'ex' is declared but never used [/opt/publishdir/Domain2/Domain.SyllabusModel/Domain.SyllabusModel.csproj]
Service/Realization/SyllabusService.cs(778,34): warning CS0168: The variable 'ex' is declared but never used [/opt/publishdir/Domain2/Domain.SyllabusModel/Domain.SyllabusModel.csproj]
Service/Realization/SyllabusService.cs(814,34): warning CS0168: The variable 'ex' is declared but never used [/opt/publishdir/Domain2/Domain.SyllabusModel/Domain.SyllabusModel.csproj]
Service/Realization/SyllabusService.cs(849,34): warning CS0168: The variable 'ex' is declared but never used [/opt/publishdir/Domain2/Domain.SyllabusModel/Domain.SyllabusModel.csproj]
Service/Realization/SyllabusService.cs(908,34): warning CS0168: The variable 'ex' is declared but never used [/opt/publishdir/Domain2/Domain.SyllabusModel/Domain.SyllabusModel.csproj]
Service/Realization/SyllabusService.cs(1227,27): warning CS0618: 'DomainModelFacade.IsExit<M, K>(ISpecification<M>)' is obsolete: 'å› ä¸ºåç§°ä¸å¯¹ï¼Œè¢«IsExistå–ä»£' [/opt/publishdir/Domain2/Domain.SyllabusModel/Domain.SyllabusModel.csproj]
Service/Realization/SyllabusService.cs(1822,17): warning CS0219: The variable 'rows' is assigned but its value is never used [/opt/publishdir/Domain2/Domain.SyllabusModel/Domain.SyllabusModel.csproj]
Service/Realization/SyllabusService.cs(1823,17): warning CS0219: The variable 'pages' is assigned but its value is never used [/opt/publishdir/Domain2/Domain.SyllabusModel/Domain.SyllabusModel.csproj]
Service/Realization/SyllabusService.cs(1950,17): warning CS0219: The variable 'rows' is assigned but its value is never used [/opt/publishdir/Domain2/Domain.SyllabusModel/Domain.SyllabusModel.csproj]
Service/Realization/SyllabusService.cs(1951,17): warning CS0219: The variable 'pages' is assigned but its value is never used [/opt/publishdir/Domain2/Domain.SyllabusModel/Domain.SyllabusModel.csproj]
Service/Realization/SyllabusService.cs(2307,19): warning CS0219: The variable 'currSequence' is assigned but its value is never used [/opt/publishdir/Domain2/Domain.SyllabusModel/Domain.SyllabusModel.csproj]
  Domain.SyllabusModel -> /opt/publishdir/Domain2/Domain.SyllabusModel/bin/Release/netstandard2.0/Domain.SyllabusModel.dll
Query/CourseTemplateDirectoryQuery.cs(62,25): warning CS0108: 'CourseTemplateDirectoryQuery.LastUpdateTime' hides inherited member 'EntityWithDate<long>.LastUpdateTime'. Use the new keyword if hiding was intended. [/opt/publishdir/Domain2/Domain.CourseBuildModel/Domain.CourseBuildModel.csproj]
Specification/HTEAndCourseSpecification.cs(187,17): warning CS0162: Unreachable code detected [/opt/publishdir/Domain2/Domain.CourseBuildModel/Domain.CourseBuildModel.csproj]
Service/Realization/SyncRecordService.cs(20,20): warning CS0618: 'DomainModelFacade.IsExit<M, K>(ISpecification<M>)' is obsolete: 'å› ä¸ºåç§°ä¸å¯¹ï¼Œè¢«IsExistå–ä»£' [/opt/publishdir/Domain2/Domain.CourseBuildModel/Domain.CourseBuildModel.csproj]
Service/Realization/SyncRecordService.cs(41,20): warning CS0618: 'DomainModelFacade.IsExit<M, K>(ISpecification<M>)' is obsolete: 'å› ä¸ºåç§°ä¸å¯¹ï¼Œè¢«IsExistå–ä»£' [/opt/publishdir/Domain2/Domain.CourseBuildModel/Domain.CourseBuildModel.csproj]
Service/Realization/CourseAndHTEService.cs(57,21): warning CS0472: The result of the expression is always 'false' since a value of type 'long' is never equal to 'null' of type 'long?' [/opt/publishdir/Domain2/Domain.CourseBuildModel/Domain.CourseBuildModel.csproj]
Service/Realization/CourseAndHTEService.cs(68,34): warning CS0168: The variable 'ex' is declared but never used [/opt/publishdir/Domain2/Domain.CourseBuildModel/Domain.CourseBuildModel.csproj]
Service/Realization/CourseSynchronizationService.cs(33,20): warning CS0618: 'DomainModelFacade.IsExit<M, K>(ISpecification<M>)' is obsolete: 'å› ä¸ºåç§°ä¸å¯¹ï¼Œè¢«IsExistå–ä»£' [/opt/publishdir/Domain2/Domain.CourseBuildModel/Domain.CourseBuildModel.csproj]
Service/Realization/SyncRecordService.cs(62,20): warning CS0618: 'DomainModelFacade.IsExit<M, K>(ISpecification<M>)' is obsolete: 'å› ä¸ºåç§°ä¸å¯¹ï¼Œè¢«IsExistå–ä»£' [/opt/publishdir/Domain2/Domain.CourseBuildModel/Domain.CourseBuildModel.csproj]
Service/Realization/SyncRecordService.cs(83,20): warning CS0618: 'DomainModelFacade.IsExit<M, K>(ISpecification<M>)' is obsolete: 'å› ä¸ºåç§°ä¸å¯¹ï¼Œè¢«IsExistå–ä»£' [/opt/publishdir/Domain2/Domain.CourseBuildModel/Domain.CourseBuildModel.csproj]
Service/Realization/SyncRecordService.cs(104,20): warning CS0618: 'DomainModelFacade.IsExit<M, K>(ISpecification<M>)' is obsolete: 'å› ä¸ºåç§°ä¸å¯¹ï¼Œè¢«IsExistå–ä»£' [/opt/publishdir/Domain2/Domain.CourseBuildModel/Domain.CourseBuildModel.csproj]
Service/Realization/CourseSynchronizationService.cs(79,25): warning CS0618: 'DomainModelFacade.IsExit<M, K>(ISpecification<M>)' is obsolete: 'å› ä¸ºåç§°ä¸å¯¹ï¼Œè¢«IsExistå–ä»£' [/opt/publishdir/Domain2/Domain.CourseBuildModel/Domain.CourseBuildModel.csproj]
Service/Realization/CourseSynchronizationService.cs(131,20): warning CS0618: 'DomainModelFacade.IsExit<M, K>(ISpecification<M>)' is obsolete: 'å› ä¸ºåç§°ä¸å¯¹ï¼Œè¢«IsExistå–ä»£' [/opt/publishdir/Domain2/Domain.CourseBuildModel/Domain.CourseBuildModel.csproj]
Service/Realization/CourseSynchronizationService.cs(142,32): warning CS0618: 'DomainModelFacade.IsExit<M, K>(ISpecification<M>)' is obsolete: 'å› ä¸ºåç§°ä¸å¯¹ï¼Œè¢«IsExistå–ä»£' [/opt/publishdir/Domain2/Domain.CourseBuildModel/Domain.CourseBuildModel.csproj]
Service/Realization/ClassPeriodService.cs(227,20): warning CS0618: 'DomainModelFacade.IsExit<M, K>(ISpecification<M>)' is obsolete: 'å› ä¸ºåç§°ä¸å¯¹ï¼Œè¢«IsExistå–ä»£' [/opt/publishdir/Domain2/Domain.CourseBuildModel/Domain.CourseBuildModel.csproj]
Service/Realization/BuildCourseService.cs(1225,18): warning CS0219: The variable 'ret' is assigned but its value is never used [/opt/publishdir/Domain2/Domain.CourseBuildModel/Domain.CourseBuildModel.csproj]
Service/Realization/BuildCourseService.cs(1250,18): warning CS0219: The variable 'ret' is assigned but its value is never used [/opt/publishdir/Domain2/Domain.CourseBuildModel/Domain.CourseBuildModel.csproj]
Service/Realization/CourseAndHTEService.cs(844,17): warning CS0184: The given expression is never of the provided ('Exam') type [/opt/publishdir/Domain2/Domain.CourseBuildModel/Domain.CourseBuildModel.csproj]
Service/Realization/CourseAndHTEService.cs(1003,29): warning CS0184: The given expression is never of the provided ('Exam') type [/opt/publishdir/Domain2/Domain.CourseBuildModel/Domain.CourseBuildModel.csproj]
Service/Realization/CourseAndHTEService.cs(1062,18): warning CS0219: The variable 'ClassId' is assigned but its value is never used [/opt/publishdir/Domain2/Domain.CourseBuildModel/Domain.CourseBuildModel.csproj]
Service/Realization/BuildCourseService.cs(1993,30): warning CS0168: The variable 'ex' is declared but never used [/opt/publishdir/Domain2/Domain.CourseBuildModel/Domain.CourseBuildModel.csproj]
Service/Realization/BuildCourseService.cs(1954,18): warning CS0219: The variable 'createUserId' is assigned but its value is never used [/opt/publishdir/Domain2/Domain.CourseBuildModel/Domain.CourseBuildModel.csproj]
Service/Realization/CourseTemplateService.cs(2622,20): warning CS0618: 'DomainModelFacade.IsExit<M, K>(ISpecification<M>)' is obsolete: 'å› ä¸ºåç§°ä¸å¯¹ï¼Œè¢«IsExistå–ä»£' [/opt/publishdir/Domain2/Domain.CourseBuildModel/Domain.CourseBuildModel.csproj]
Service/Realization/CourseAndHTEService.cs(1830,17): warning CS0219: The variable 'peexits' is assigned but its value is never used [/opt/publishdir/Domain2/Domain.CourseBuildModel/Domain.CourseBuildModel.csproj]
Service/Realization/CourseTemplateService.cs(2738,20): warning CS0618: 'DomainModelFacade.IsExit<M, K>(ISpecification<M>)' is obsolete: 'å› ä¸ºåç§°ä¸å¯¹ï¼Œè¢«IsExistå–ä»£' [/opt/publishdir/Domain2/Domain.CourseBuildModel/Domain.CourseBuildModel.csproj]
Service/Realization/CourseAndHTEService.cs(1961,18): warning CS0219: The variable 'isPush' is assigned but its value is never used [/opt/publishdir/Domain2/Domain.CourseBuildModel/Domain.CourseBuildModel.csproj]
  Domain.CourseBuildModel -> /opt/publishdir/Domain2/Domain.CourseBuildModel/bin/Release/netstandard2.0/Domain.CourseBuildModel.dll
  CourseSubsReport -> /opt/publishdir/SubscriptionService/CourseSubsReport/bin/Release/netcoreapp2.2/CourseSubsReport.dll
  CourseSubsReport -> /opt/publishdir/SubscriptionService/CourseSubsReport/bin/Release/netcoreapp2.2/publish/
Removing intermediate container 4111dda9b249
 ---> c930a5a23094
Step 4/8 : FROM reg.hexfuture.com/dotnet/runtime
 ---> 21bfc676bdbf
Step 5/8 : COPY --from=0 /opt/publishdir/SubscriptionService/CourseSubsReport/bin/Release/netcoreapp2.2/publish/ /opt/CourseSubsReport
 ---> 825063e56b35
Step 6/8 : WORKDIR /opt/CourseSubsReport
 ---> Running in 16bd60da28fa
Removing intermediate container 16bd60da28fa
 ---> 63723aa92bb2
Step 7/8 : VOLUME /opt/CourseSubsReport
 ---> Running in 04344b9b2bd4
Removing intermediate container 04344b9b2bd4
 ---> b563336b617f
Step 8/8 : RUN exiftool /opt/CourseSubsReport/*.dll|egrep "^File Name|^File Version Number"|awk -F ":" '{tmp=$2;getline;print tmp" :"$2}'
 ---> Running in 67ff5286958a
 AipSdk.dll : 3.6.13.0
 CommonServiceLocator.SolrNet.Cloud.dll : 1.0.14.0
 CommonServiceLocator.SolrNet.dll : 1.0.14.0
 CommonServiceLocator.dll : 2.0.2.0
 CommonTools.dll : 5.0.1.0
 Confluent.Kafka.dll : 1.1.0.0
 Core.ReportModel.dll : 5.0.2.1
 CoreCompat.System.ComponentModel.Attributes.dll : 4.2.3.0
 CourseSubsReport.dll : 1.0.5.0
 Domain.CommunicationModel.Interface.dll : 5.0.1.0
 Domain.CommunicationModel.dll : 5.0.1.0
 Domain.ContentModel.dll : 5.0.1.0
 Domain.CourseBuildModel.dll : 5.0.1.0
 Domain.CourseModel.dll : 5.0.1.0
 Domain.CourseRedisModel.dll : 5.0.1.0
 Domain.CoursewareModel.dll : 5.0.1.0
 Domain.EbookModel.dll : 5.0.5.0
 Domain.ExecutiveClass.dll : 5.0.1.0
 Domain.ExerciseModel.dll : 5.0.2.1
 Domain.HTEPaperModel.dll : 1.0.0.0
 Domain.HomeTestExamModel.dll : 5.0.3.1
 Domain.KeyPointModel.dll : 5.0.6.0
 Domain.LGLogAndReportModel.dll : 5.0.1.0
 Domain.LicenseModel.dll : 5.0.1.0
 Domain.MenuModel.dll : 5.0.1.0
 Domain.MultipleTeachingModel.dll : 5.0.1.0
 Domain.OrderModel.dll : 5.0.1.0
 Domain.ProductModel.dll : 5.0.1.0
 Domain.ReportModel.dll : 5.0.2.4
 Domain.SalesQueryModel.dll : 5.0.1.0
 Domain.SyllabusModel.dll : 5.0.1.0
 Domain.SystemModel.dll : 5.0.1.0
 Domain.UserModel.dll : 5.0.1.0
 DomainModelStructure.dll : 4.0.0.0
 DomainProcess.dll : 5.0.0.0
 DotNetty.Buffers.dll : 0.6.0.0
 DotNetty.Codecs.dll : 0.6.0.0
 DotNetty.Common.dll : 0.6.0.0
 DotNetty.Handlers.dll : 0.6.0.0
 DotNetty.Transport.Libuv.dll : 0.6.0.0
 DotNetty.Transport.dll : 0.6.0.0
 EntAppFrameWork.AOP.dll : 4.0.0.0
 EntAppFrameWork.AuthenticationAndAuthorization.dll : 4.0.0.0
 EntAppFrameWork.Common.dll : 4.0.3.0
 EntAppFrameWork.DataAccess.Redis.dll : 4.0.0.0
 EntAppFrameWork.DataAccess.SqlServer.dll : 4.0.0.0
 EntAppFrameWork.DataAccess.dll : 4.0.0.0
 EntAppFrameWork.DomainModel.dll : 4.0.2.0
 EntAppFrameWork.Log.dll : 4.0.0.0
 EntAppFrameWork.PCL.dll : 4.0.1.0
 EntAppFrameWork.PublishSubscribe.Kafka.dll : 4.0.1.0
 EntAppFrameWork.PublishSubscribe.dll : 4.0.0.0
 EntAppFrameWork.RPC.dll : 4.0.1.0
 EntAppFrameWork.SerialNumber.dll : 4.0.0.0
 EntAppFrameWork.Staticization.dll : 4.0.0.0
 EntAppFrameWork.dll : 4.0.2.0
 Microsoft.AspNetCore.Authentication.Abstractions.dll : 2.2.0.18316
 Microsoft.AspNetCore.Authentication.Core.dll : 2.2.0.18316
 Microsoft.AspNetCore.Connections.Abstractions.dll : 2.2.0.18316
 Microsoft.AspNetCore.Diagnostics.Abstractions.dll : 2.2.0.18316
 Microsoft.AspNetCore.Diagnostics.dll : 2.2.0.18316
 Microsoft.AspNetCore.HostFiltering.dll : 2.2.0.18316
 Microsoft.AspNetCore.Hosting.Abstractions.dll : 2.2.0.18316
 Microsoft.AspNetCore.Hosting.Server.Abstractions.dll : 2.2.0.18316
 Microsoft.AspNetCore.Hosting.dll : 2.2.0.18316
 Microsoft.AspNetCore.Http.Abstractions.dll : 2.2.0.18316
 Microsoft.AspNetCore.Http.Extensions.dll : 2.2.0.18316
 Microsoft.AspNetCore.Http.Features.dll : 2.2.0.18316
 Microsoft.AspNetCore.Http.dll : 2.2.0.18316
 Microsoft.AspNetCore.HttpOverrides.dll : 2.2.0.18316
 Microsoft.AspNetCore.Routing.Abstractions.dll : 2.2.0.18316
 Microsoft.AspNetCore.Routing.dll : 2.2.0.18316
 Microsoft.AspNetCore.Server.IIS.dll : 2.2.0.18316
 Microsoft.AspNetCore.Server.IISIntegration.dll : 2.2.0.18316
 Microsoft.AspNetCore.Server.Kestrel.Core.dll : 2.2.0.18316
 Microsoft.AspNetCore.Server.Kestrel.Https.dll : 2.2.0.18316
 Microsoft.AspNetCore.Server.Kestrel.Transport.Abstractions.dll : 2.2.0.18316
 Microsoft.AspNetCore.Server.Kestrel.Transport.Sockets.dll : 2.2.0.18316
 Microsoft.AspNetCore.Server.Kestrel.dll : 2.2.0.18316
 Microsoft.AspNetCore.WebUtilities.dll : 2.2.0.18316
 Microsoft.AspNetCore.dll : 2.2.0.18316
 Microsoft.CodeAnalysis.CSharp.Workspaces.dll : 3.200.19.38121
 Microsoft.CodeAnalysis.CSharp.dll : 3.200.19.38121
 Microsoft.CodeAnalysis.VisualBasic.Workspaces.dll : 3.200.19.38121
 Microsoft.CodeAnalysis.VisualBasic.dll : 3.200.19.38121
 Microsoft.CodeAnalysis.Workspaces.dll : 3.200.19.38121
 Microsoft.CodeAnalysis.dll : 3.200.19.38121
 Microsoft.DotNet.PlatformAbstractions.dll : 2.1.0.0
 Microsoft.Extensions.Configuration.Abstractions.dll : 2.2.0.18315
 Microsoft.Extensions.Configuration.Binder.dll : 2.2.0.18315
 Microsoft.Extensions.Configuration.CommandLine.dll : 2.2.0.18315
 Microsoft.Extensions.Configuration.EnvironmentVariables.dll : 2.2.0.18315
 Microsoft.Extensions.Configuration.FileExtensions.dll : 2.2.0.18315
 Microsoft.Extensions.Configuration.Json.dll : 2.2.0.18315
 Microsoft.Extensions.Configuration.UserSecrets.dll : 2.2.0.18315
 Microsoft.Extensions.Configuration.dll : 2.2.0.18315
 Microsoft.Extensions.DependencyInjection.Abstractions.dll : 2.2.0.18315
 Microsoft.Extensions.DependencyInjection.dll : 2.2.0.18315
 Microsoft.Extensions.DependencyModel.dll : 2.1.0.0
 Microsoft.Extensions.FileProviders.Abstractions.dll : 2.2.0.18315
 Microsoft.Extensions.FileProviders.Physical.dll : 2.2.0.18315
 Microsoft.Extensions.FileSystemGlobbing.dll : 2.2.0.18315
 Microsoft.Extensions.Hosting.Abstractions.dll : 2.2.0.18316
 Microsoft.Extensions.Logging.Abstractions.dll : 2.2.0.18315
 Microsoft.Extensions.Logging.Configuration.dll : 2.2.0.18315
 Microsoft.Extensions.Logging.Console.dll : 2.2.0.18315
 Microsoft.Extensions.Logging.Debug.dll : 2.2.0.18315
 Microsoft.Extensions.Logging.EventSource.dll : 2.2.0.18315
 Microsoft.Extensions.Logging.dll : 2.2.0.18315
 Microsoft.Extensions.ObjectPool.dll : 2.2.0.18315
 Microsoft.Extensions.Options.ConfigurationExtensions.dll : 2.2.0.18315
 Microsoft.Extensions.Options.dll : 2.2.0.18315
 Microsoft.Extensions.Primitives.dll : 2.2.0.18315
 Microsoft.Net.Http.Headers.dll : 2.2.0.18316
 Newtonsoft.Json.dll : 12.0.2.23222
 PinYinConverterCore.dll : 1.0.2.0
 Pipelines.Sockets.Unofficial.dll : 2.0.22.26858
 Polly.dll : 7.1.0.0
 RWSServiceRuntime.dll : 5.1.2.0
 Receive.Logic.dll : 5.0.2.0
 Receive.Push.dll : 5.0.2.0
 Receive.Service.dll : 5.0.1.0
 Report.DAL.dll : 5.0.2.0
 Report.Helper.dll : 5.0.2.0
 Report.Model.dll : 5.0.2.0
 SolrNet.Cloud.dll : 1.0.14.0
 SolrNet.dll : 1.0.14.0
 StackExchange.Redis.dll : 2.0.601.3402
 SubsribePublishDTO.dll : 5.0.1.0
 System.Composition.AttributedModel.dll : 4.6.24705.1
 System.Composition.Convention.dll : 4.6.24705.1
 System.Composition.Hosting.dll : 4.6.24705.1
 System.Composition.Runtime.dll : 4.6.24705.1
 System.Composition.TypedParts.dll : 4.6.24705.1
 System.Configuration.ConfigurationManager.dll : 4.6.26515.6
 System.Data.DataSetExtensions.dll : 4.6.26515.6
 System.Data.SqlClient.dll : 4.6.27110.4
 System.Diagnostics.PerformanceCounter.dll : 4.6.26515.6
 System.IO.Pipelines.dll : 4.6.26919.2
 System.Runtime.CompilerServices.Unsafe.dll : 4.6.26919.2
 System.Security.Cryptography.ProtectedData.dll : 4.6.26515.6
 System.Security.Permissions.dll : 4.6.26515.6
 System.ServiceModel.Primitives.dll : 4.6.26720.1
 System.ServiceModel.dll : 4.6.26720.1
 System.Text.Encoding.CodePages.dll : 4.6.27129.4
 System.Text.Encodings.Web.dll : 4.6.26515.6
 System.Threading.Channels.dll : 4.6.26515.6
 ZooKeeperNetEx.dll : 3.4.12.1
 aliyun.oss.sdk.core-2.5.3.dll.dll : 2.5.3.0
 log4net.Kafka.dll : 5.0.0.0
 log4net.dll : 2.0.8.0
Removing intermediate container 67ff5286958a
 ---> 0622bcab5809
Successfully built 0622bcab5809
Successfully tagged reg.hexfuture.com/subs/coursesubsreport:1.0.5
+ docker push reg.hexfuture.com/subs/coursesubsreport:1.0.5
The push refers to repository [reg.hexfuture.com/subs/coursesubsreport]
b7b8861bf463: Preparing
d7bde7f62f4e: Preparing
223745a1224f: Preparing
4af49aba95e9: Preparing
04ae46afae44: Preparing
349c7f00d08e: Preparing
370f72f4d447: Preparing
8dc6654a61c6: Preparing
8fa655db5360: Preparing
349c7f00d08e: Waiting
370f72f4d447: Waiting
8dc6654a61c6: Waiting
8fa655db5360: Waiting
d7bde7f62f4e: Layer already exists
4af49aba95e9: Layer already exists
04ae46afae44: Layer already exists
223745a1224f: Layer already exists
349c7f00d08e: Layer already exists
370f72f4d447: Layer already exists
8dc6654a61c6: Layer already exists
8fa655db5360: Layer already exists
b7b8861bf463: Pushed
1.0.5: digest: sha256:4d5a8a80c13018836583cb32a28e5acccbf2d7405c23646775373b83fec8a932 size: 2215
+ docker tag reg.hexfuture.com/subs/coursesubsreport:1.0.5 reg.hexfuture.com/subs/coursesubsreport
+ docker push reg.hexfuture.com/subs/coursesubsreport
The push refers to repository [reg.hexfuture.com/subs/coursesubsreport]
b7b8861bf463: Preparing
d7bde7f62f4e: Preparing
223745a1224f: Preparing
4af49aba95e9: Preparing
04ae46afae44: Preparing
349c7f00d08e: Preparing
370f72f4d447: Preparing
8dc6654a61c6: Preparing
8fa655db5360: Preparing
370f72f4d447: Waiting
8dc6654a61c6: Waiting
8fa655db5360: Waiting
349c7f00d08e: Waiting
d7bde7f62f4e: Layer already exists
04ae46afae44: Layer already exists
b7b8861bf463: Layer already exists
223745a1224f: Layer already exists
4af49aba95e9: Layer already exists
370f72f4d447: Layer already exists
349c7f00d08e: Layer already exists
8fa655db5360: Layer already exists
8dc6654a61c6: Layer already exists
1.0.5: digest: sha256:4d5a8a80c13018836583cb32a28e5acccbf2d7405c23646775373b83fec8a932 size: 2215
da2cd39b1698: Preparing
28caec23f567: Preparing
a4caa8eed580: Preparing
e5cd7d9c9d66: Preparing
6339615de93e: Preparing
c6c9de941dfa: Preparing
9c894eb0930b: Preparing
d56055da3352: Preparing
c6c9de941dfa: Waiting
9c894eb0930b: Waiting
d56055da3352: Waiting
6339615de93e: Layer already exists
e5cd7d9c9d66: Layer already exists
da2cd39b1698: Layer already exists
28caec23f567: Layer already exists
a4caa8eed580: Layer already exists
c6c9de941dfa: Layer already exists
9c894eb0930b: Layer already exists
d56055da3352: Layer already exists
2.3.2.1: digest: sha256:0615aaacf4bc9ad811fe2c7ce4ad0a2cf0a8f838b9be803cb944bc36badb8b9d size: 2004
609f37bc0533: Preparing
d7bde7f62f4e: Preparing
223745a1224f: Preparing
4af49aba95e9: Preparing
04ae46afae44: Preparing
349c7f00d08e: Preparing
370f72f4d447: Preparing
8dc6654a61c6: Preparing
8fa655db5360: Preparing
d7bde7f62f4e: Layer already exists
223745a1224f: Layer already exists
4af49aba95e9: Layer already exists
04ae46afae44: Layer already exists
349c7f00d08e: Layer already exists
370f72f4d447: Layer already exists
8dc6654a61c6: Layer already exists
8fa655db5360: Layer already exists
609f37bc0533: Layer already exists
5.0.0: digest: sha256:143c57e88a517b3988db619e62378520e62e8b6b12aaef17f29d6c6b02f13f5e size: 2215
b7b8861bf463: Preparing
d7bde7f62f4e: Preparing
223745a1224f: Preparing
4af49aba95e9: Preparing
04ae46afae44: Preparing
349c7f00d08e: Preparing
370f72f4d447: Preparing
8dc6654a61c6: Preparing
8fa655db5360: Preparing
d7bde7f62f4e: Layer already exists
223745a1224f: Layer already exists
370f72f4d447: Waiting
4af49aba95e9: Layer already exists
8dc6654a61c6: Waiting
8fa655db5360: Waiting
b7b8861bf463: Layer already exists
04ae46afae44: Layer already exists
349c7f00d08e: Layer already exists
370f72f4d447: Layer already exists
8dc6654a61c6: Layer already exists
8fa655db5360: Layer already exists
latest: digest: sha256:4d5a8a80c13018836583cb32a28e5acccbf2d7405c23646775373b83fec8a932 size: 2215
SSH: Connecting from host [api-domain-237]
SSH: Connecting with configuration [subs-55] ...
SSH: EXEC: STDOUT/STDERR from command [#å¯åŠ¨docker images
docker login -u matengfei -p Pass@word1 reg.hexfuture.com

docker pull reg.hexfuture.com/subs/coursesubsreport


# åˆ¤æ–­1,å¦‚æœå­˜åœ¨åŒåå­—æ‰§è¡Œä¸­çš„å®¹å™¨,å…ˆåœæ­¢,æ²¡æœ‰åˆ¤æ–­åœæ­¢å¤±è´¥æƒ…å†µ
num=`docker ps -f name=w1.coursesubsreport.sub.group.hex.com -f status=running|wc -l`
if [ $num == 2 ];then
 docker stop w1.coursesubsreport.sub.group.hex.com
fi

# åˆ¤æ–­2,å¦‚æœå­˜åœ¨åŒåå­—çš„åœæ­¢çš„å®¹å™¨,åˆ é™¤
num=`docker ps -af name=w1.coursesubsreport.sub.group.hex.com -f status=exited|wc -l`
if [ $num == 2 ];then
 docker rm w1.coursesubsreport.sub.group.hex.com
fi
sleep 8s
docker run -d \
-v /etc/localtime:/etc/localtime \
-v /usr/local/docker-data/sleep.sh:/docker-entrypoint-initdb.d/sleep.sh \
-l io.rancher.container.network=true \
--ulimit core=-1 \
--security-opt seccomp=unconfined \
--privileged=true \
-e HOST_IP=`ip a sh eth0 | grep "inet " |awk '{print $2}'|awk -F/ '{print $1}'` \
-e ETCD_ADDR=etcd.common.hex.com:2379 \
-h w1.coursesubsreport.sub.group.hex.com \
--name w1.coursesubsreport.sub.group.hex.com \
reg.hexfuture.com/subs/coursesubsreport \
dotnet \
/opt/CourseSubsReport/CourseSubsReport.dll \
--serviceName coursesubsreport-w1 \
--zkConfigServer w1.confandsa.zk.group.hex.com:2181,w2.confandsa.zk.group.hex.com:2181,w3.confandsa.zk.group.hex.com:2181 \
--minThreadCount 100 \
--runScope Core991 \
--msGroup center \
--zkTimeOut 15000 \
--mcTimeOut 30000 \
--trace kafka \
--KafkaRedis  1] ...
WARNING! Using --password via the CLI is insecure. Use --password-stdin.
WARNING! Your password will be stored unencrypted in /root/.docker/config.json.
Configure a credential helper to remove this warning. See
https://docs.docker.com/engine/reference/commandline/login/#credentials-store

Login Succeeded
Using default tag: latest
latest: Pulling from subs/coursesubsreport
9fc222b64b0a: Already exists
f033c4f65cdb: Already exists
7405f9e6a7ae: Already exists
1d2e9b4ca111: Already exists
eeb2978f7d55: Already exists
43b0a51e87e6: Already exists
b94a238e8534: Already exists
574d1be55b15: Already exists
afe27f13ac2d: Pulling fs layer
afe27f13ac2d: Verifying Checksum
afe27f13ac2d: Download complete
afe27f13ac2d: Pull complete
Digest: sha256:4d5a8a80c13018836583cb32a28e5acccbf2d7405c23646775373b83fec8a932
Status: Downloaded newer image for reg.hexfuture.com/subs/coursesubsreport:latest
w1.coursesubsreport.sub.group.hex.com
w1.coursesubsreport.sub.group.hex.com
c283d1fea1b7d85637364f036eacd8f8808daf14fbc274cb598a1967afdcf165
SSH: EXEC: completed after 22,421 ms
SSH: Disconnecting configuration [subs-55] ...
SSH: Transferred 0 file(s)
Build step 'Send files or execute commands over SSH' changed build result to SUCCESS
Finished: SUCCESS
